<?xml version="1.0" encoding="UTF-8"?>
<!-- Generated by org.testng.reporters.JUnitReportReporter -->
<testsuite hostname="DESKTOP-22LNSHB" name="com.SequenceTest" tests="6" failures="1" timestamp="5 Jun 2019 11:21:51 GMT" time="0.035" errors="0">
  <testcase name="test2" time="0.004" classname="com.SequenceTest"/>
  <testcase name="test4" time="0.002" classname="com.SequenceTest"/>
  <testcase name="test5" time="0.002" classname="com.SequenceTest"/>
  <testcase name="test5" time="0.000" classname="com.SequenceTest">
    <failure type="org.testng.TestNGException" message="
Parameter &#039;testParam&#039; is required by @Test on method test5 but has not been marked @Optional or defined
in D:\workspace\demo\src\main\resources\testng\test.xml">
      <![CDATA[org.testng.TestNGException: 
Parameter 'testParam' is required by @Test on method test5 but has not been marked @Optional or defined
in D:\workspace\demo\src\main\resources\testng\test.xml
	at org.testng.internal.Parameters.createParameters(Parameters.java:155)
	at org.testng.internal.Parameters.createParameters(Parameters.java:358)
	at org.testng.internal.Parameters.handleParameters(Parameters.java:450)
	at org.testng.internal.Invoker.handleParameters(Invoker.java:1383)
	at org.testng.internal.Invoker.createParameters(Invoker.java:1075)
	at org.testng.internal.Invoker.invokeTestMethods(Invoker.java:1180)
	at org.testng.internal.TestMethodWorker.invokeTestMethods(TestMethodWorker.java:127)
	at org.testng.internal.TestMethodWorker.run(TestMethodWorker.java:111)
	at java.util.concurrent.ThreadPoolExecutor.runWorker(ThreadPoolExecutor.java:1149)
	at java.util.concurrent.ThreadPoolExecutor$Worker.run(ThreadPoolExecutor.java:624)
	at java.lang.Thread.run(Thread.java:748)
]]>
    </failure>
  </testcase> <!-- test5 -->
  <testcase name="test1" time="0.025" classname="com.SequenceTest"/>
  <testcase name="test3" time="0.002" classname="com.SequenceTest"/>
</testsuite> <!-- com.SequenceTest -->
